Using pre-set license
Built from 'tuanjie/1.8/staging' branch; Version is '2022.3.62t5 (dafb34cd5fa5) revision 14351156'; Using compiler version '192829333'; Build Type 'Release'
OS: 'Windows 11  (10.0.26200) 64bit CoreCountrySpecific' Language: 'zh' Physical Memory: 16151 MB
BatchMode: 1, IsHumanControllingUs: 0, StartBugReporterOnCrash: 0, Is64bit: 1, IsPro: 1

COMMAND LINE ARGUMENTS:
E:\unity\2022.3.62t5\Editor\Tuanjie.exe
-adb2
-batchMode
-noUpm
-disableFMOD
-name
AssetImportWorker1
-projectPath
D:/UnityGame/TJ_Games/My project
-logFile
Logs/AssetImportWorker1.log
-srvPort
53340
Successfully changed project path to: D:/UnityGame/TJ_Games/My project
D:/UnityGame/TJ_Games/My project
[Memory] Configuration Parameters - Can be set up in boot.config
    "memorysetup-bucket-allocator-granularity=16"
    "memorysetup-bucket-allocator-bucket-count=8"
    "memorysetup-bucket-allocator-block-size=33554432"
    "memorysetup-bucket-allocator-block-count=8"
    "memorysetup-main-allocator-block-size=16777216"
    "memorysetup-thread-allocator-block-size=16777216"
    "memorysetup-gfx-main-allocator-block-size=16777216"
    "memorysetup-gfx-thread-allocator-block-size=16777216"
    "memorysetup-cache-allocator-block-size=4194304"
    "memorysetup-typetree-allocator-block-size=2097152"
    "memorysetup-profiler-bucket-allocator-granularity=16"
    "memorysetup-profiler-bucket-allocator-bucket-count=8"
    "memorysetup-profiler-bucket-allocator-block-size=33554432"
    "memorysetup-profiler-bucket-allocator-block-count=8"
    "memorysetup-profiler-allocator-block-size=16777216"
    "memorysetup-profiler-editor-allocator-block-size=1048576"
    "memorysetup-temp-allocator-size-main=16777216"
    "memorysetup-job-temp-allocator-block-size=2097152"
    "memorysetup-job-temp-allocator-block-size-background=1048576"
    "memorysetup-job-temp-allocator-reduction-small-platforms=262144"
    "memorysetup-allocator-temp-initial-block-size-main=262144"
    "memorysetup-allocator-temp-initial-block-size-worker=262144"
    "memorysetup-temp-allocator-size-background-worker=32768"
    "memorysetup-temp-allocator-size-job-worker=262144"
    "memorysetup-temp-allocator-size-preload-manager=33554432"
    "memorysetup-temp-allocator-size-nav-mesh-worker=65536"
    "memorysetup-temp-allocator-size-audio-worker=65536"
    "memorysetup-temp-allocator-size-cloud-worker=32768"
    "memorysetup-temp-allocator-size-gi-baking-worker=262144"
    "memorysetup-temp-allocator-size-gfx=262144"
Player connection [21408]  Target information:

Player connection [21408]  * "[IP] 10.163.58.136 [Port] 0 [Flags] 2 [Guid] 2420368249 [EditorId] 2420368249 [Version] 1048832 [Id] WindowsEditor(7,LAPTOP-9V330MSJ) [Debug] 1 [PackageName] WindowsEditor [ProjectName] Editor" 

Player connection [21408] Host joined multi-casting on [225.0.0.222:54997]...
Player connection [21408] Host joined alternative multi-casting on [225.0.0.222:34997]...
Input System module state changed to: Initialized.
AS: AutoStreaming module initializing.
[LiveLink] LiveLink library is loaded successfully. Initializing...
InitScreenManager.Refreshing native plugins compatible for Editor in 55.47 ms, found 5 plugins.
Preloading 0 native plugins for Editor in 0.00 ms.
Initialize engine version: 2022.3.62t5 (dafb34cd5fa5)
[Subsystems] Discovering subsystems at path E:/unity/2022.3.62t5/Editor/Data/Resources/UnitySubsystems
[Subsystems] Discovering subsystems at path D:/UnityGame/TJ_Games/My project/Assets
GfxDevice: creating device client; threaded=0; jobified=0
Direct3D:
    Version:  Direct3D 11.0 [level 11.1]
    Renderer: Intel(R) UHD Graphics (ID=0x9a60)
    Vendor:   Intel
    VRAM:     8075 MB
    Driver:   31.0.101.1999
Initialize mono
Mono path[0] = 'E:/unity/2022.3.62t5/Editor/Data/Managed'
Mono path[1] = 'E:/unity/2022.3.62t5/Editor/Data/MonoBleedingEdge/lib/mono/unityjit-win32'
Mono config path = 'E:/unity/2022.3.62t5/Editor/Data/MonoBleedingEdge/etc'
Using monoOptions --debugger-agent=transport=dt_socket,embedding=1,server=y,suspend=n,address=0.0.0.0:56920
Begin MonoManager ReloadAssembly
Registering precompiled tuanjie dll's ...
Register platform support module: E:/unity/2022.3.62t5/Editor/Data/PlaybackEngines/WebGLSupport/UnityEditor.WebGL.Extensions.dll
Register platform support module: E:/unity/2022.3.62t5/Editor/Data/PlaybackEngines/WeixinMiniGameSupport/UnityEditor.WeixinMiniGame.Extensions.dll
Register platform support module: E:/unity/2022.3.62t5/Editor/Data/PlaybackEngines/WindowsStandaloneSupport/UnityEditor.WindowsStandalone.Extensions.dll
Registered in 0.036894 seconds.
- Loaded All Assemblies, in  0.626 seconds
Native extension for WindowsStandalone target not found
Native extension for WeixinMiniGame target not found
Native extension for WebGL target not found
Mono: successfully reloaded assembly
- Finished resetting the current domain, in  0.355 seconds
Domain Reload Profiling: 971ms
	BeginReloadAssembly (189ms)
		ExecutionOrderSort (0ms)
		DisableScriptedObjects (0ms)
		BackupInstance (0ms)
		ReleaseScriptingObjects (0ms)
		CreateAndSetChildDomain (1ms)
	RebuildCommonClasses (48ms)
	RebuildNativeTypeToScriptingClass (18ms)
	initialDomainReloadingComplete (117ms)
	LoadAllAssembliesAndSetupDomain (244ms)
		LoadAssemblies (183ms)
		RebuildTransferFunctionScriptingTraits (0ms)
		AnalyzeDomain (239ms)
			TypeCache.Refresh (236ms)
				TypeCache.ScanAssembly (213ms)
			ScanForSourceGeneratedMonoScriptInfo (1ms)
			ResolveRequiredComponents (1ms)
	FinalizeReload (355ms)
		ReleaseScriptCaches (0ms)
		RebuildScriptCaches (0ms)
		SetupLoadedEditorAssemblies (285ms)
			LogAssemblyErrors (0ms)
			InitializePlatformSupportModulesInManaged (21ms)
			SetLoadedEditorAssemblies (7ms)
			RefreshPlugins (0ms)
			BeforeProcessingInitializeOnLoad (3ms)
			ProcessInitializeOnLoadAttributes (227ms)
			ProcessInitializeOnLoadMethodAttributes (28ms)
			AfterProcessingInitializeOnLoad (0ms)
			EditorAssembliesLoaded (0ms)
		ExecutionOrderSort2 (0ms)
		AwakeInstancesAfterBackupRestoration (0ms)
========================================================================
Worker process is ready to serve import requests
Caller must complete domain reload
Begin MonoManager ReloadAssembly
- Loaded All Assemblies, in  1.166 seconds
Native extension for WindowsStandalone target not found
Native extension for WeixinMiniGame target not found
Native extension for WebGL target not found
Mono: successfully reloaded assembly
- Finished resetting the current domain, in  0.808 seconds
Domain Reload Profiling: 1959ms
	BeginReloadAssembly (239ms)
		ExecutionOrderSort (0ms)
		DisableScriptedObjects (6ms)
		BackupInstance (0ms)
		ReleaseScriptingObjects (0ms)
		CreateAndSetChildDomain (33ms)
	RebuildCommonClasses (41ms)
	RebuildNativeTypeToScriptingClass (12ms)
	initialDomainReloadingComplete (79ms)
	LoadAllAssembliesAndSetupDomain (779ms)
		LoadAssemblies (696ms)
		RebuildTransferFunctionScriptingTraits (0ms)
		AnalyzeDomain (243ms)
			TypeCache.Refresh (209ms)
				TypeCache.ScanAssembly (182ms)
			ScanForSourceGeneratedMonoScriptInfo (26ms)
			ResolveRequiredComponents (5ms)
	FinalizeReload (809ms)
		ReleaseScriptCaches (0ms)
		RebuildScriptCaches (0ms)
		SetupLoadedEditorAssemblies (603ms)
			LogAssemblyErrors (0ms)
			InitializePlatformSupportModulesInManaged (14ms)
			SetLoadedEditorAssemblies (5ms)
			RefreshPlugins (0ms)
			BeforeProcessingInitializeOnLoad (120ms)
			ProcessInitializeOnLoadAttributes (401ms)
			ProcessInitializeOnLoadMethodAttributes (40ms)
			AfterProcessingInitializeOnLoad (23ms)
			EditorAssembliesLoaded (0ms)
		ExecutionOrderSort2 (0ms)
		AwakeInstancesAfterBackupRestoration (13ms)
Refreshing native plugins compatible for Editor in 19.93 ms, found 5 plugins.
Preloading 0 native plugins for Editor in 0.00 ms.
Unloading 4386 Unused Serialized files (Serialized files now loaded: 0)
Unloading 35 unused Assets / (59.0 KB). Loaded Objects now: 4876.
Memory consumption went from 129.0 MB to 129.0 MB.
Total: 4.613000 ms (FindLiveObjects: 0.361100 ms CreateObjectMapping: 0.145500 ms MarkObjects: 3.947200 ms  DeleteObjects: 0.157400 ms)

AssetImportParameters requested are different than current active one (requested -> active):
  custom:container-demuxer-ogg: 62fdf1f143b41e24485cea50d1cbac27 -> 
  custom:video-codec-MediaFoundation-h265: 746d11721c4dcdbdad8f713fa42b33f4 -> 
  custom:video-decoder-ogg-theora: a1e56fd34408186e4bbccfd4996cb3dc -> 
  custom:framework-win-MediaFoundation: 216162199b28c13a410421893ffa2e32 -> 
  custom:CustomObjectIndexerAttribute: 299a746012abc5adb0180d4ccda8d3ad -> 
  custom:container-demuxer-webm: 4f35f7cbe854078d1ac9338744f61a02 -> 
  custom:container-muxer-webm: aa71ff27fc2769a1b78a27578f13a17b -> 
  custom:video-decoder-webm-vp8: 9c59270c3fd7afecdb556c50c9e8de78 -> 
  custom:SearchIndexIgnoredProperties: e643bd26f0fe6173181afceb89e7c659 -> 
  custom:AudioImporter_EditorPlatform: d09bf68614088b80899f8185d706f6e7 -> 
  custom:video-encoder-webm-vp8: eb34c28f22e8b96e1ab97ce403110664 -> 
  custom:audio-decoder-ogg-vorbis: bf7c407c2cedff20999df2af8eb42d56 -> 
  custom:audio-encoder-webm-vorbis: bf7c407c2cedff20999df2af8eb42d56 -> 
========================================================================
Received Import Request.
  Time since last request: 19393.349826 seconds.
  path: Assets/Sprites/Goblin_House.png
  artifactKey: Guid(bc325a0bde75c864bb8be1d5a75b00f8) Importer(PreviewImporter)
Start importing Assets/Sprites/Goblin_House.png using Guid(bc325a0bde75c864bb8be1d5a75b00f8) Importer(PreviewImporter) Launched and connected shader compiler TuanjieShaderCompiler.exe after 0.08 seconds
 -> (artifact id: 'c59b2229b8cc3c2d392370579a3e738b') in 0.303172 seconds
Number of asset objects unloaded after import = 8
========================================================================
Received Import Request.
  Time since last request: 3.163502 seconds.
  path: Assets/Sprites/Grass Tiles/Castle_Blue_2.asset
  artifactKey: Guid(5e5fc8e74aff02f4cbc6482131c71d1a) Importer(PreviewImporter)
Start importing Assets/Sprites/Grass Tiles/Castle_Blue_2.asset using Guid(5e5fc8e74aff02f4cbc6482131c71d1a) Importer(PreviewImporter)  -> (artifact id: 'ef74f17a423faf45f02c874982732549') in 0.013595 seconds
Number of asset objects unloaded after import = 3
========================================================================
Received Import Request.
  Time since last request: 0.000018 seconds.
  path: Assets/Sprites/Grass Tiles/Shadows_3.asset
  artifactKey: Guid(0e22f03fe898d0242800b368af5c640b) Importer(PreviewImporter)
Start importing Assets/Sprites/Grass Tiles/Shadows_3.asset using Guid(0e22f03fe898d0242800b368af5c640b) Importer(PreviewImporter)  -> (artifact id: 'a702eb6fa6eeb80e9f5e7b40899c5eff') in 0.006232 seconds
Number of asset objects unloaded after import = 3
========================================================================
Received Import Request.
  Time since last request: 0.000017 seconds.
  path: Assets/Sprites/Grass Tiles/Tilemap_Elevation_13.asset
  artifactKey: Guid(d15f386590d6ce34798577ae62efc774) Importer(PreviewImporter)
Start importing Assets/Sprites/Grass Tiles/Tilemap_Elevation_13.asset using Guid(d15f386590d6ce34798577ae62efc774) Importer(PreviewImporter)  -> (artifact id: 'b0cf260b9e615c2bf73d26b852c310d1') in 0.006181 seconds
Number of asset objects unloaded after import = 3
========================================================================
Received Import Request.
  Time since last request: 0.000017 seconds.
  path: Assets/Sprites/Grass Tiles/Tilemap_Elevation_9.asset
  artifactKey: Guid(e1adc448a02b7464c90a21efe132ec92) Importer(PreviewImporter)
Start importing Assets/Sprites/Grass Tiles/Tilemap_Elevation_9.asset using Guid(e1adc448a02b7464c90a21efe132ec92) Importer(PreviewImporter)  -> (artifact id: 'dc3cd0eb4134c6fc78703a115ac346b7') in 0.010462 seconds
Number of asset objects unloaded after import = 3
========================================================================
Received Import Request.
  Time since last request: 0.000044 seconds.
  path: Assets/Sprites/Grass Tiles/Goblin_House_2.asset
  artifactKey: Guid(f3461271d4734054184ef37238f58559) Importer(PreviewImporter)
Start importing Assets/Sprites/Grass Tiles/Goblin_House_2.asset using Guid(f3461271d4734054184ef37238f58559) Importer(PreviewImporter)  -> (artifact id: 'b9f8b90bac316de726749d0569cbe3aa') in 0.029657 seconds
Number of asset objects unloaded after import = 3
========================================================================
Received Import Request.
  Time since last request: 0.000022 seconds.
  path: Assets/Sprites/Grass Tiles/Tilemap_Flat_0.asset
  artifactKey: Guid(8f684eb637220084fbb64e2584af0d8e) Importer(PreviewImporter)
Start importing Assets/Sprites/Grass Tiles/Tilemap_Flat_0.asset using Guid(8f684eb637220084fbb64e2584af0d8e) Importer(PreviewImporter)  -> (artifact id: 'fe65a06ab0b397166aaae25598452113') in 0.007186 seconds
Number of asset objects unloaded after import = 3
========================================================================
Received Import Request.
  Time since last request: 0.000022 seconds.
  path: Assets/Sprites/Grass Tiles/Tilemap_Elevation_14.asset
  artifactKey: Guid(204d835808d3f324b8d7d1ed32c14a49) Importer(PreviewImporter)
Start importing Assets/Sprites/Grass Tiles/Tilemap_Elevation_14.asset using Guid(204d835808d3f324b8d7d1ed32c14a49) Importer(PreviewImporter)  -> (artifact id: 'b1928e6bbe26dc163b9013103196db0d') in 0.011642 seconds
Number of asset objects unloaded after import = 3
========================================================================
Received Import Request.
  Time since last request: 0.000017 seconds.
  path: Assets/Sprites/Grass Tiles/Shadows_4.asset
  artifactKey: Guid(caae011bebb8e4343898d78e607a0482) Importer(PreviewImporter)
Start importing Assets/Sprites/Grass Tiles/Shadows_4.asset using Guid(caae011bebb8e4343898d78e607a0482) Importer(PreviewImporter)  -> (artifact id: '3d3d5f5c78f0022af57e38fe7091e1d6') in 0.007040 seconds
Number of asset objects unloaded after import = 3
========================================================================
Received Import Request.
  Time since last request: 0.000021 seconds.
  path: Assets/Sprites/Grass Tiles/Goblin_House_4.asset
  artifactKey: Guid(c96f01a399da4e44cb6147a4fa7392cb) Importer(PreviewImporter)
Start importing Assets/Sprites/Grass Tiles/Goblin_House_4.asset using Guid(c96f01a399da4e44cb6147a4fa7392cb) Importer(PreviewImporter)  -> (artifact id: 'b47e17889af0136aa650e53932606e13') in 0.006783 seconds
Number of asset objects unloaded after import = 3
========================================================================
Received Import Request.
  Time since last request: 0.000022 seconds.
  path: Assets/Sprites/Grass Tiles/Tilemap_Elevation_20.asset
  artifactKey: Guid(4473d34da0f1896499320980206c2630) Importer(PreviewImporter)
Start importing Assets/Sprites/Grass Tiles/Tilemap_Elevation_20.asset using Guid(4473d34da0f1896499320980206c2630) Importer(PreviewImporter)  -> (artifact id: 'c314b70b51eb7b3102de463d6e39a395') in 0.011658 seconds
Number of asset objects unloaded after import = 3
========================================================================
Received Import Request.
  Time since last request: 0.000019 seconds.
  path: Assets/Sprites/Grass Tiles/Tilemap_Elevation_24.asset
  artifactKey: Guid(054609779bfaf66468de4acb62775f02) Importer(PreviewImporter)
Start importing Assets/Sprites/Grass Tiles/Tilemap_Elevation_24.asset using Guid(054609779bfaf66468de4acb62775f02) Importer(PreviewImporter)  -> (artifact id: '753d1e49bca32c17e4cf09d7ecf991cc') in 0.006879 seconds
Number of asset objects unloaded after import = 3
========================================================================
Received Import Request.
  Time since last request: 0.000016 seconds.
  path: Assets/Sprites/Grass Tiles/Tilemap_Flat_4.asset
  artifactKey: Guid(64d54c79e9dc26348bd52601f1c2b5c0) Importer(PreviewImporter)
Start importing Assets/Sprites/Grass Tiles/Tilemap_Flat_4.asset using Guid(64d54c79e9dc26348bd52601f1c2b5c0) Importer(PreviewImporter)  -> (artifact id: 'c0fcad25fc5e5749073ecf221865436b') in 0.007794 seconds
Number of asset objects unloaded after import = 3
========================================================================
Received Import Request.
  Time since last request: 0.000028 seconds.
  path: Assets/Sprites/Grass Tiles/Castle_Blue_17.asset
  artifactKey: Guid(0aeef29a4a24cc24398cce241829e439) Importer(PreviewImporter)
Start importing Assets/Sprites/Grass Tiles/Castle_Blue_17.asset using Guid(0aeef29a4a24cc24398cce241829e439) Importer(PreviewImporter)  -> (artifact id: 'deb59ac3bcebf9cebe542d7c554203fd') in 0.010516 seconds
Number of asset objects unloaded after import = 3
========================================================================
Received Import Request.
  Time since last request: 0.000031 seconds.
  path: Assets/Sprites/Grass Tiles/Castle_Blue_5.asset
  artifactKey: Guid(097d4f9d71688a34c9afb81ac83d8d3c) Importer(PreviewImporter)
Start importing Assets/Sprites/Grass Tiles/Castle_Blue_5.asset using Guid(097d4f9d71688a34c9afb81ac83d8d3c) Importer(PreviewImporter)  -> (artifact id: 'c8129907f8d3f2041903e2fe76b1bae4') in 0.007558 seconds
Number of asset objects unloaded after import = 3
========================================================================
Received Import Request.
  Time since last request: 0.000017 seconds.
  path: Assets/Sprites/Grass Tiles/Goblin_House_3.asset
  artifactKey: Guid(ef78b05e7d160124d9010c8325bd3ab6) Importer(PreviewImporter)
Start importing Assets/Sprites/Grass Tiles/Goblin_House_3.asset using Guid(ef78b05e7d160124d9010c8325bd3ab6) Importer(PreviewImporter)  -> (artifact id: '8d7d32641101b1557688be6b74e12da4') in 0.007575 seconds
Number of asset objects unloaded after import = 3
========================================================================
Received Import Request.
  Time since last request: 0.000026 seconds.
  path: Assets/Sprites/Grass Tiles/Tilemap_Elevation_1.asset
  artifactKey: Guid(a5774f4db90107a4fb665c5ac95e3c9e) Importer(PreviewImporter)
Start importing Assets/Sprites/Grass Tiles/Tilemap_Elevation_1.asset using Guid(a5774f4db90107a4fb665c5ac95e3c9e) Importer(PreviewImporter)  -> (artifact id: '92f981f72ba3ef0dfe1c035de920621e') in 0.012595 seconds
Number of asset objects unloaded after import = 3
========================================================================
Received Import Request.
  Time since last request: 0.000018 seconds.
  path: Assets/Sprites/Grass Tiles/Tilemap_Elevation_10.asset
  artifactKey: Guid(621c9834136b197429b0d1cdbc75e045) Importer(PreviewImporter)
Start importing Assets/Sprites/Grass Tiles/Tilemap_Elevation_10.asset using Guid(621c9834136b197429b0d1cdbc75e045) Importer(PreviewImporter)  -> (artifact id: '094599981b93d53ad2f20ac6fe4b52c4') in 0.006641 seconds
Number of asset objects unloaded after import = 3
========================================================================
Received Import Request.
  Time since last request: 0.000016 seconds.
  path: Assets/Sprites/Grass Tiles/Tilemap_Elevation_4.asset
  artifactKey: Guid(0a999362e4a066246af310c35e4b603f) Importer(PreviewImporter)
Start importing Assets/Sprites/Grass Tiles/Tilemap_Elevation_4.asset using Guid(0a999362e4a066246af310c35e4b603f) Importer(PreviewImporter)  -> (artifact id: '36c89d08e0a04038768cf16a5b0da60a') in 0.010116 seconds
Number of asset objects unloaded after import = 3
========================================================================
Received Import Request.
  Time since last request: 0.000025 seconds.
  path: Assets/Sprites/Grass Tiles/Goblin_House_0.asset
  artifactKey: Guid(2689cc9768d501245933b12bd08dd292) Importer(PreviewImporter)
Start importing Assets/Sprites/Grass Tiles/Goblin_House_0.asset using Guid(2689cc9768d501245933b12bd08dd292) Importer(PreviewImporter)  -> (artifact id: '38d637da3c85a99cc206c5f58def7f6c') in 0.008256 seconds
Number of asset objects unloaded after import = 3
========================================================================
Received Import Request.
  Time since last request: 0.000017 seconds.
  path: Assets/Sprites/Grass Tiles/Tilemap_Elevation_8.asset
  artifactKey: Guid(64af63e2c58107a4799b88d5733e50bf) Importer(PreviewImporter)
Start importing Assets/Sprites/Grass Tiles/Tilemap_Elevation_8.asset using Guid(64af63e2c58107a4799b88d5733e50bf) Importer(PreviewImporter)  -> (artifact id: '7b5b622c7a434b7dedc0273e08d31a4c') in 0.006497 seconds
Number of asset objects unloaded after import = 3
========================================================================
Received Import Request.
  Time since last request: 0.000015 seconds.
  path: Assets/Sprites/Grass Tiles/Goblin_House_5.asset
  artifactKey: Guid(f101ac90088b82a4d9a4b67f6f276ba5) Importer(PreviewImporter)
Start importing Assets/Sprites/Grass Tiles/Goblin_House_5.asset using Guid(f101ac90088b82a4d9a4b67f6f276ba5) Importer(PreviewImporter)  -> (artifact id: '0fd8b334e506ae80f6abfd033a7a7a59') in 0.007549 seconds
Number of asset objects unloaded after import = 3
========================================================================
Received Import Request.
  Time since last request: 0.000018 seconds.
  path: Assets/Sprites/Grass Tiles/Tilemap_Flat_2.asset
  artifactKey: Guid(c27c5ef5f33b0284baf299bb4049ed74) Importer(PreviewImporter)
Start importing Assets/Sprites/Grass Tiles/Tilemap_Flat_2.asset using Guid(c27c5ef5f33b0284baf299bb4049ed74) Importer(PreviewImporter)  -> (artifact id: '2f88115b9469f64bffc3d76635852a60') in 0.009863 seconds
Number of asset objects unloaded after import = 3
========================================================================
Received Import Request.
  Time since last request: 0.000017 seconds.
  path: Assets/Sprites/Grass Tiles/Tilemap_Elevation_23.asset
  artifactKey: Guid(8729bc7ef763b784081f74f339692b31) Importer(PreviewImporter)
Start importing Assets/Sprites/Grass Tiles/Tilemap_Elevation_23.asset using Guid(8729bc7ef763b784081f74f339692b31) Importer(PreviewImporter)  -> (artifact id: 'cb740b5d6b3785e15ab99c11e7c55ee4') in 0.005853 seconds
Number of asset objects unloaded after import = 3
========================================================================
Received Import Request.
  Time since last request: 0.000014 seconds.
  path: Assets/Sprites/Grass Tiles/Tilemap_Elevation_3.asset
  artifactKey: Guid(c5f117ed84ac3614db7d2bc39b7cab81) Importer(PreviewImporter)
Start importing Assets/Sprites/Grass Tiles/Tilemap_Elevation_3.asset using Guid(c5f117ed84ac3614db7d2bc39b7cab81) Importer(PreviewImporter)  -> (artifact id: '30d272cccdf4a4b85dd05a3d4262ade1') in 0.007101 seconds
Number of asset objects unloaded after import = 3
========================================================================
Received Import Request.
  Time since last request: 0.714206 seconds.
  path: Assets/Sprites/Grass Tiles/Tilemap_Flat_7.asset
  artifactKey: Guid(ed29b8b93a6737343ad945c04c531e05) Importer(PreviewImporter)
Start importing Assets/Sprites/Grass Tiles/Tilemap_Flat_7.asset using Guid(ed29b8b93a6737343ad945c04c531e05) Importer(PreviewImporter)  -> (artifact id: 'f321d819bd72b98326f6f33cc33aecc3') in 0.007583 seconds
Number of asset objects unloaded after import = 3
========================================================================
Received Import Request.
  Time since last request: 0.000024 seconds.
  path: Assets/Sprites/Grass Tiles/Tilemap_Flat_16.asset
  artifactKey: Guid(811115e41285f6b41bbd75b075ed2d62) Importer(PreviewImporter)
Start importing Assets/Sprites/Grass Tiles/Tilemap_Flat_16.asset using Guid(811115e41285f6b41bbd75b075ed2d62) Importer(PreviewImporter)  -> (artifact id: '895cca244fd054ccfe55375500255bde') in 0.007073 seconds
Number of asset objects unloaded after import = 3
========================================================================
Received Import Request.
  Time since last request: 0.000032 seconds.
  path: Assets/Sprites/Grass Tiles/Tilemap_Flat_10.asset
  artifactKey: Guid(24d55f8485267164d8b2ac17b1912766) Importer(PreviewImporter)
Start importing Assets/Sprites/Grass Tiles/Tilemap_Flat_10.asset using Guid(24d55f8485267164d8b2ac17b1912766) Importer(PreviewImporter)  -> (artifact id: '745f4fd1d5baead48b2e1a8b5979abcc') in 0.006671 seconds
Number of asset objects unloaded after import = 3
========================================================================
Received Import Request.
  Time since last request: 0.000025 seconds.
  path: Assets/Sprites/Grass Tiles/Tilemap_Flat_8.asset
  artifactKey: Guid(5a28c5acf2b4b0149af21a0c1dd5eeb4) Importer(PreviewImporter)
Start importing Assets/Sprites/Grass Tiles/Tilemap_Flat_8.asset using Guid(5a28c5acf2b4b0149af21a0c1dd5eeb4) Importer(PreviewImporter)  -> (artifact id: 'f248275837381fa4f8c17099bdf1b87a') in 0.010595 seconds
Number of asset objects unloaded after import = 3
========================================================================
Received Import Request.
  Time since last request: 0.031183 seconds.
  path: Assets/Sprites/Grass Tiles/Tilemap_Flat_20.asset
  artifactKey: Guid(023493cb90fb86342918a0f12fad2eb4) Importer(PreviewImporter)
Start importing Assets/Sprites/Grass Tiles/Tilemap_Flat_20.asset using Guid(023493cb90fb86342918a0f12fad2eb4) Importer(PreviewImporter)  -> (artifact id: '27f849347489eae5c96167be9476e61c') in 0.006271 seconds
Number of asset objects unloaded after import = 3
========================================================================
Received Import Request.
  Time since last request: 0.000017 seconds.
  path: Assets/Sprites/Grass Tiles/Tilemap_Flat_29.asset
  artifactKey: Guid(82bc77f8081260145a6b024520eeac43) Importer(PreviewImporter)
Start importing Assets/Sprites/Grass Tiles/Tilemap_Flat_29.asset using Guid(82bc77f8081260145a6b024520eeac43) Importer(PreviewImporter)  -> (artifact id: '466721fad02638ad7644f05d2a4ad397') in 0.008839 seconds
Number of asset objects unloaded after import = 3
========================================================================
Received Import Request.
  Time since last request: 0.000022 seconds.
  path: Assets/Sprites/Grass Tiles/Tilemap_Flat_33.asset
  artifactKey: Guid(5c07400ce138e9344bf7e864713327f1) Importer(PreviewImporter)
Start importing Assets/Sprites/Grass Tiles/Tilemap_Flat_33.asset using Guid(5c07400ce138e9344bf7e864713327f1) Importer(PreviewImporter)  -> (artifact id: '7841c1a1b85ee340311761a15e5dff11') in 0.009732 seconds
Number of asset objects unloaded after import = 3
========================================================================
Received Import Request.
  Time since last request: 0.000017 seconds.
  path: Assets/Sprites/Grass Tiles/Tilemap_Flat_22.asset
  artifactKey: Guid(e7dd43b6fe8dde246aa718d2709fb65c) Importer(PreviewImporter)
Start importing Assets/Sprites/Grass Tiles/Tilemap_Flat_22.asset using Guid(e7dd43b6fe8dde246aa718d2709fb65c) Importer(PreviewImporter)  -> (artifact id: '124cca4ff57695750954ff9a6a407992') in 0.006356 seconds
Number of asset objects unloaded after import = 3
========================================================================
Received Import Request.
  Time since last request: 0.000018 seconds.
  path: Assets/Sprites/Grass Tiles/Tree_10.asset
  artifactKey: Guid(ad29db35b78159c4c995f9525be7b2b0) Importer(PreviewImporter)
Start importing Assets/Sprites/Grass Tiles/Tree_10.asset using Guid(ad29db35b78159c4c995f9525be7b2b0) Importer(PreviewImporter)  -> (artifact id: '37ed79ef0e2f9dafc84472aae2b2a704') in 0.009028 seconds
Number of asset objects unloaded after import = 3
========================================================================
Received Import Request.
  Time since last request: 0.000039 seconds.
  path: Assets/Sprites/Grass Tiles/Tree_18.asset
  artifactKey: Guid(5d7ed6560108e8f42b3282f255b59adc) Importer(PreviewImporter)
Start importing Assets/Sprites/Grass Tiles/Tree_18.asset using Guid(5d7ed6560108e8f42b3282f255b59adc) Importer(PreviewImporter)  -> (artifact id: '0c3b3d4786a74e07cead238001f91187') in 0.011180 seconds
Number of asset objects unloaded after import = 3
========================================================================
Received Import Request.
  Time since last request: 0.000030 seconds.
  path: Assets/Sprites/Grass Tiles/Tree_2.asset
  artifactKey: Guid(6bb0fa875ed9dcf41bccf4f0863234f8) Importer(PreviewImporter)
Start importing Assets/Sprites/Grass Tiles/Tree_2.asset using Guid(6bb0fa875ed9dcf41bccf4f0863234f8) Importer(PreviewImporter)  -> (artifact id: 'd60939540e25ae866fb0d811c74b8075') in 0.007162 seconds
Number of asset objects unloaded after import = 3
========================================================================
Received Import Request.
  Time since last request: 0.000016 seconds.
  path: Assets/Sprites/Grass Tiles/Tree_6.asset
  artifactKey: Guid(22f92fb0fe3c35a4fba0b3ebc0852e63) Importer(PreviewImporter)
Start importing Assets/Sprites/Grass Tiles/Tree_6.asset using Guid(22f92fb0fe3c35a4fba0b3ebc0852e63) Importer(PreviewImporter)  -> (artifact id: '40df267bf0a44d523f78a113ae18ca19') in 0.007628 seconds
Number of asset objects unloaded after import = 3
========================================================================
Received Import Request.
  Time since last request: 0.000026 seconds.
  path: Assets/Sprites/Grass Tiles/Tree_34.asset
  artifactKey: Guid(524a14dfa32b0fd40aa3ba27cca81eb9) Importer(PreviewImporter)
Start importing Assets/Sprites/Grass Tiles/Tree_34.asset using Guid(524a14dfa32b0fd40aa3ba27cca81eb9) Importer(PreviewImporter)  -> (artifact id: '7b8c21ef926dffbb46405a989d0f75f7') in 0.011499 seconds
Number of asset objects unloaded after import = 3
========================================================================
Received Import Request.
  Time since last request: 0.000018 seconds.
  path: Assets/Sprites/Grass Tiles/Tree_21.asset
  artifactKey: Guid(f28ad2af2b0d601419c4f25da1e39352) Importer(PreviewImporter)
Start importing Assets/Sprites/Grass Tiles/Tree_21.asset using Guid(f28ad2af2b0d601419c4f25da1e39352) Importer(PreviewImporter)  -> (artifact id: '6339836ed6a72e8e6f6b15a358fba1f8') in 0.008678 seconds
Number of asset objects unloaded after import = 3
========================================================================
Received Import Request.
  Time since last request: 0.000016 seconds.
  path: Assets/Sprites/Grass Tiles/Tree_27.asset
  artifactKey: Guid(7b0490130f7467944b0ea606779cb0d5) Importer(PreviewImporter)
Start importing Assets/Sprites/Grass Tiles/Tree_27.asset using Guid(7b0490130f7467944b0ea606779cb0d5) Importer(PreviewImporter)  -> (artifact id: '3354dae63073b262866184d1392ddf31') in 0.008519 seconds
Number of asset objects unloaded after import = 3
========================================================================
Received Import Request.
  Time since last request: 0.000022 seconds.
  path: Assets/Sprites/Grass Tiles/Tilemap_Flat_30.asset
  artifactKey: Guid(1999c5a41be486c419b6500e85cafb54) Importer(PreviewImporter)
Start importing Assets/Sprites/Grass Tiles/Tilemap_Flat_30.asset using Guid(1999c5a41be486c419b6500e85cafb54) Importer(PreviewImporter)  -> (artifact id: '63e831046ca5ed01bbeab674c54948d9') in 0.009129 seconds
Number of asset objects unloaded after import = 3
========================================================================
Received Import Request.
  Time since last request: 0.000018 seconds.
  path: Assets/Sprites/Grass Tiles/Tree_19.asset
  artifactKey: Guid(5ebc93d3b70b5074e96e6b6d2d8e13bc) Importer(PreviewImporter)
Start importing Assets/Sprites/Grass Tiles/Tree_19.asset using Guid(5ebc93d3b70b5074e96e6b6d2d8e13bc) Importer(PreviewImporter)  -> (artifact id: '9fe1d2d453c221cf1c6f11b1ae5b0e8c') in 0.007453 seconds
Number of asset objects unloaded after import = 3
========================================================================
Received Import Request.
  Time since last request: 0.000017 seconds.
  path: Assets/Sprites/Grass Tiles/Tree_23.asset
  artifactKey: Guid(3a5e774b5d9a50a409713fe9066a3626) Importer(PreviewImporter)
Start importing Assets/Sprites/Grass Tiles/Tree_23.asset using Guid(3a5e774b5d9a50a409713fe9066a3626) Importer(PreviewImporter)  -> (artifact id: 'f00429d37df2baecfdbd2760098e74bc') in 0.009167 seconds
Number of asset objects unloaded after import = 3
========================================================================
Received Import Request.
  Time since last request: 0.000021 seconds.
  path: Assets/Sprites/Grass Tiles/Tree_15.asset
  artifactKey: Guid(42a59eddc4cbd5a4d8fcddda9f9a1be6) Importer(PreviewImporter)
Start importing Assets/Sprites/Grass Tiles/Tree_15.asset using Guid(42a59eddc4cbd5a4d8fcddda9f9a1be6) Importer(PreviewImporter)  -> (artifact id: '81a42cb57f514128e771828764c2f688') in 0.010045 seconds
Number of asset objects unloaded after import = 3
========================================================================
Received Import Request.
  Time since last request: 0.000033 seconds.
  path: Assets/Sprites/Grass Tiles/Tree_12.asset
  artifactKey: Guid(da71b6cb89862684393a08bed925d22d) Importer(PreviewImporter)
Start importing Assets/Sprites/Grass Tiles/Tree_12.asset using Guid(da71b6cb89862684393a08bed925d22d) Importer(PreviewImporter)  -> (artifact id: '4e1046bd7e087b4350ec5f0201ebd12c') in 0.007568 seconds
Number of asset objects unloaded after import = 3
========================================================================
Received Import Request.
  Time since last request: 0.000015 seconds.
  path: Assets/Sprites/Grass Tiles/Tree_35.asset
  artifactKey: Guid(2df8b732715c36141affe4f47decadf9) Importer(PreviewImporter)
Start importing Assets/Sprites/Grass Tiles/Tree_35.asset using Guid(2df8b732715c36141affe4f47decadf9) Importer(PreviewImporter)  -> (artifact id: '8ef65ca03eea43b70bf7d45f5062e419') in 0.008105 seconds
Number of asset objects unloaded after import = 3
========================================================================
Received Import Request.
  Time since last request: 0.000056 seconds.
  path: Assets/Sprites/Grass Tiles/Tree_20.asset
  artifactKey: Guid(e85bf60e06fdc3345835ad8e5f4c0315) Importer(PreviewImporter)
Start importing Assets/Sprites/Grass Tiles/Tree_20.asset using Guid(e85bf60e06fdc3345835ad8e5f4c0315) Importer(PreviewImporter)  -> (artifact id: '530eeb546627d3fe917c6f8532d234db') in 0.009665 seconds
Number of asset objects unloaded after import = 3
========================================================================
Received Import Request.
  Time since last request: 0.479262 seconds.
  path: Assets/Sprites/Grass Tiles/Tree_38.asset
  artifactKey: Guid(57ea5fee18b6a6f40bbb942037840a2f) Importer(PreviewImporter)
Start importing Assets/Sprites/Grass Tiles/Tree_38.asset using Guid(57ea5fee18b6a6f40bbb942037840a2f) Importer(PreviewImporter)  -> (artifact id: 'cf68e38038e3fc428ebc3d5b47f8f764') in 0.009646 seconds
Number of asset objects unloaded after import = 3
========================================================================
Received Import Request.
  Time since last request: 0.000020 seconds.
  path: Assets/Sprites/Grass Tiles/Tree_39.asset
  artifactKey: Guid(9c7d487fdf55ef445b0c3d1c6c36cc26) Importer(PreviewImporter)
Start importing Assets/Sprites/Grass Tiles/Tree_39.asset using Guid(9c7d487fdf55ef445b0c3d1c6c36cc26) Importer(PreviewImporter)  -> (artifact id: '8bb805d0b96793dcbbd118ab63145917') in 0.008081 seconds
Number of asset objects unloaded after import = 3
========================================================================
Received Import Request.
  Time since last request: 0.000020 seconds.
  path: Assets/Sprites/Grass Tiles/Tree_40.asset
  artifactKey: Guid(06c6ca628800b7142bdc68b8554029d4) Importer(PreviewImporter)
Start importing Assets/Sprites/Grass Tiles/Tree_40.asset using Guid(06c6ca628800b7142bdc68b8554029d4) Importer(PreviewImporter)  -> (artifact id: '05f28fa2f529ea96ac1c3e611b9149be') in 0.010841 seconds
Number of asset objects unloaded after import = 3
========================================================================
Received Prepare
Caller must complete domain reload
Begin MonoManager ReloadAssembly
- Loaded All Assemblies, in  1.664 seconds
Native extension for WindowsStandalone target not found
Native extension for WeixinMiniGame target not found
Native extension for WebGL target not found
Mono: successfully reloaded assembly
- Finished resetting the current domain, in  0.571 seconds
Domain Reload Profiling: 2226ms
	BeginReloadAssembly (1183ms)
		ExecutionOrderSort (0ms)
		DisableScriptedObjects (981ms)
		BackupInstance (0ms)
		ReleaseScriptingObjects (0ms)
		CreateAndSetChildDomain (48ms)
	RebuildCommonClasses (35ms)
	RebuildNativeTypeToScriptingClass (11ms)
	initialDomainReloadingComplete (43ms)
	LoadAllAssembliesAndSetupDomain (381ms)
		LoadAssemblies (488ms)
		RebuildTransferFunctionScriptingTraits (0ms)
		AnalyzeDomain (14ms)
			TypeCache.Refresh (7ms)
				TypeCache.ScanAssembly (0ms)
			ScanForSourceGeneratedMonoScriptInfo (0ms)
			ResolveRequiredComponents (5ms)
	FinalizeReload (572ms)
		ReleaseScriptCaches (0ms)
		RebuildScriptCaches (0ms)
		SetupLoadedEditorAssemblies (414ms)
			LogAssemblyErrors (0ms)
			InitializePlatformSupportModulesInManaged (11ms)
			SetLoadedEditorAssemblies (5ms)
			RefreshPlugins (0ms)
			BeforeProcessingInitializeOnLoad (101ms)
			ProcessInitializeOnLoadAttributes (261ms)
			ProcessInitializeOnLoadMethodAttributes (18ms)
			AfterProcessingInitializeOnLoad (18ms)
			EditorAssembliesLoaded (0ms)
		ExecutionOrderSort2 (0ms)
		AwakeInstancesAfterBackupRestoration (13ms)
Refreshing native plugins compatible for Editor in 14.42 ms, found 5 plugins.
Preloading 0 native plugins for Editor in 0.00 ms.
Unloading 4374 Unused Serialized files (Serialized files now loaded: 0)
Unloading 22 unused Assets / (32.8 KB). Loaded Objects now: 4890.
Memory consumption went from 131.1 MB to 131.0 MB.
Total: 3.071600 ms (FindLiveObjects: 0.293400 ms CreateObjectMapping: 0.148600 ms MarkObjects: 2.558400 ms  DeleteObjects: 0.068800 ms)

AssetImportParameters requested are different than current active one (requested -> active):
  custom:container-demuxer-ogg: 62fdf1f143b41e24485cea50d1cbac27 -> 
  custom:video-codec-MediaFoundation-h265: 746d11721c4dcdbdad8f713fa42b33f4 -> 
  custom:video-decoder-ogg-theora: a1e56fd34408186e4bbccfd4996cb3dc -> 
  custom:framework-win-MediaFoundation: 216162199b28c13a410421893ffa2e32 -> 
  custom:CustomObjectIndexerAttribute: 299a746012abc5adb0180d4ccda8d3ad -> 
  custom:container-demuxer-webm: 4f35f7cbe854078d1ac9338744f61a02 -> 
  custom:container-muxer-webm: aa71ff27fc2769a1b78a27578f13a17b -> 
  custom:video-decoder-webm-vp8: 9c59270c3fd7afecdb556c50c9e8de78 -> 
  custom:SearchIndexIgnoredProperties: e643bd26f0fe6173181afceb89e7c659 -> 
  custom:AudioImporter_EditorPlatform: d09bf68614088b80899f8185d706f6e7 -> 
  custom:video-encoder-webm-vp8: eb34c28f22e8b96e1ab97ce403110664 -> 
  custom:audio-decoder-ogg-vorbis: bf7c407c2cedff20999df2af8eb42d56 -> 
  custom:audio-encoder-webm-vorbis: bf7c407c2cedff20999df2af8eb42d56 -> 
========================================================================
Received Prepare
Caller must complete domain reload
Begin MonoManager ReloadAssembly
- Loaded All Assemblies, in  0.931 seconds
Native extension for WindowsStandalone target not found
Native extension for WeixinMiniGame target not found
Native extension for WebGL target not found
Mono: successfully reloaded assembly
- Finished resetting the current domain, in  2.029 seconds
Domain Reload Profiling: 2946ms
	BeginReloadAssembly (238ms)
		ExecutionOrderSort (0ms)
		DisableScriptedObjects (10ms)
		BackupInstance (0ms)
		ReleaseScriptingObjects (0ms)
		CreateAndSetChildDomain (33ms)
	RebuildCommonClasses (40ms)
	RebuildNativeTypeToScriptingClass (11ms)
	initialDomainReloadingComplete (53ms)
	LoadAllAssembliesAndSetupDomain (573ms)
		LoadAssemblies (693ms)
		RebuildTransferFunctionScriptingTraits (0ms)
		AnalyzeDomain (38ms)
			TypeCache.Refresh (17ms)
				TypeCache.ScanAssembly (0ms)
			ScanForSourceGeneratedMonoScriptInfo (13ms)
			ResolveRequiredComponents (5ms)
	FinalizeReload (2030ms)
		ReleaseScriptCaches (0ms)
		RebuildScriptCaches (0ms)
		SetupLoadedEditorAssemblies (594ms)
			LogAssemblyErrors (0ms)
			InitializePlatformSupportModulesInManaged (16ms)
			SetLoadedEditorAssemblies (6ms)
			RefreshPlugins (0ms)
			BeforeProcessingInitializeOnLoad (132ms)
			ProcessInitializeOnLoadAttributes (383ms)
			ProcessInitializeOnLoadMethodAttributes (28ms)
			AfterProcessingInitializeOnLoad (28ms)
			EditorAssembliesLoaded (0ms)
		ExecutionOrderSort2 (0ms)
		AwakeInstancesAfterBackupRestoration (19ms)
Refreshing native plugins compatible for Editor in 25.56 ms, found 5 plugins.
Preloading 0 native plugins for Editor in 0.00 ms.
Unloading 4376 Unused Serialized files (Serialized files now loaded: 0)
Unloading 22 unused Assets / (32.8 KB). Loaded Objects now: 4896.
Memory consumption went from 130.5 MB to 130.4 MB.
Total: 3.723300 ms (FindLiveObjects: 0.319800 ms CreateObjectMapping: 0.168200 ms MarkObjects: 3.138000 ms  DeleteObjects: 0.095300 ms)

AssetImportParameters requested are different than current active one (requested -> active):
  custom:container-demuxer-ogg: 62fdf1f143b41e24485cea50d1cbac27 -> 
  custom:video-codec-MediaFoundation-h265: 746d11721c4dcdbdad8f713fa42b33f4 -> 
  custom:video-decoder-ogg-theora: a1e56fd34408186e4bbccfd4996cb3dc -> 
  custom:framework-win-MediaFoundation: 216162199b28c13a410421893ffa2e32 -> 
  custom:CustomObjectIndexerAttribute: 299a746012abc5adb0180d4ccda8d3ad -> 
  custom:container-demuxer-webm: 4f35f7cbe854078d1ac9338744f61a02 -> 
  custom:scripting/monoscript/fileName/Soider_EnenyMovement.cs: 7c91d29ba4d232c81192a3897cf32a03 -> 
  custom:container-muxer-webm: aa71ff27fc2769a1b78a27578f13a17b -> 
  custom:video-decoder-webm-vp8: 9c59270c3fd7afecdb556c50c9e8de78 -> 
  custom:SearchIndexIgnoredProperties: e643bd26f0fe6173181afceb89e7c659 -> 
  custom:AudioImporter_EditorPlatform: d09bf68614088b80899f8185d706f6e7 -> 
  custom:video-encoder-webm-vp8: eb34c28f22e8b96e1ab97ce403110664 -> 
  custom:audio-decoder-ogg-vorbis: bf7c407c2cedff20999df2af8eb42d56 -> 
  custom:audio-encoder-webm-vorbis: bf7c407c2cedff20999df2af8eb42d56 -> 
  custom:scripting/precompiled-assembly-types:Assembly-CSharp: e274eaa3274320f8b0443740bb0e3870 -> 
========================================================================
Received Prepare
Caller must complete domain reload
Begin MonoManager ReloadAssembly
- Loaded All Assemblies, in  0.787 seconds
Native extension for WindowsStandalone target not found
Native extension for WeixinMiniGame target not found
Native extension for WebGL target not found
Mono: successfully reloaded assembly
- Finished resetting the current domain, in  1.747 seconds
Domain Reload Profiling: 2517ms
	BeginReloadAssembly (236ms)
		ExecutionOrderSort (0ms)
		DisableScriptedObjects (9ms)
		BackupInstance (0ms)
		ReleaseScriptingObjects (0ms)
		CreateAndSetChildDomain (29ms)
	RebuildCommonClasses (34ms)
	RebuildNativeTypeToScriptingClass (13ms)
	initialDomainReloadingComplete (56ms)
	LoadAllAssembliesAndSetupDomain (430ms)
		LoadAssemblies (564ms)
		RebuildTransferFunctionScriptingTraits (0ms)
		AnalyzeDomain (26ms)
			TypeCache.Refresh (11ms)
				TypeCache.ScanAssembly (0ms)
			ScanForSourceGeneratedMonoScriptInfo (8ms)
			ResolveRequiredComponents (5ms)
	FinalizeReload (1748ms)
		ReleaseScriptCaches (0ms)
		RebuildScriptCaches (0ms)
		SetupLoadedEditorAssemblies (423ms)
			LogAssemblyErrors (0ms)
			InitializePlatformSupportModulesInManaged (12ms)
			SetLoadedEditorAssemblies (3ms)
			RefreshPlugins (0ms)
			BeforeProcessingInitializeOnLoad (99ms)
			ProcessInitializeOnLoadAttributes (267ms)
			ProcessInitializeOnLoadMethodAttributes (18ms)
			AfterProcessingInitializeOnLoad (25ms)
			EditorAssembliesLoaded (0ms)
		ExecutionOrderSort2 (0ms)
		AwakeInstancesAfterBackupRestoration (18ms)
Refreshing native plugins compatible for Editor in 14.83 ms, found 5 plugins.
Preloading 0 native plugins for Editor in 0.00 ms.
Unloading 4376 Unused Serialized files (Serialized files now loaded: 0)
Unloading 22 unused Assets / (32.8 KB). Loaded Objects now: 4901.
Memory consumption went from 130.5 MB to 130.4 MB.
Total: 3.521300 ms (FindLiveObjects: 0.273100 ms CreateObjectMapping: 0.087400 ms MarkObjects: 3.102300 ms  DeleteObjects: 0.057000 ms)

AssetImportParameters requested are different than current active one (requested -> active):
  custom:container-demuxer-ogg: 62fdf1f143b41e24485cea50d1cbac27 -> 
  custom:video-codec-MediaFoundation-h265: 746d11721c4dcdbdad8f713fa42b33f4 -> 
  custom:video-decoder-ogg-theora: a1e56fd34408186e4bbccfd4996cb3dc -> 
  custom:framework-win-MediaFoundation: 216162199b28c13a410421893ffa2e32 -> 
  custom:CustomObjectIndexerAttribute: 299a746012abc5adb0180d4ccda8d3ad -> 
  custom:container-demuxer-webm: 4f35f7cbe854078d1ac9338744f61a02 -> 
  custom:scripting/monoscript/fileName/Soider_EnenyMovement.cs: 7c91d29ba4d232c81192a3897cf32a03 -> 
  custom:container-muxer-webm: aa71ff27fc2769a1b78a27578f13a17b -> 
  custom:video-decoder-webm-vp8: 9c59270c3fd7afecdb556c50c9e8de78 -> 
  custom:SearchIndexIgnoredProperties: e643bd26f0fe6173181afceb89e7c659 -> 
  custom:AudioImporter_EditorPlatform: d09bf68614088b80899f8185d706f6e7 -> 
  custom:video-encoder-webm-vp8: eb34c28f22e8b96e1ab97ce403110664 -> 
  custom:audio-decoder-ogg-vorbis: bf7c407c2cedff20999df2af8eb42d56 -> 
  custom:audio-encoder-webm-vorbis: bf7c407c2cedff20999df2af8eb42d56 -> 
  custom:scripting/precompiled-assembly-types:Assembly-CSharp: e274eaa3274320f8b0443740bb0e3870 -> 
========================================================================
Received Prepare
Caller must complete domain reload
Begin MonoManager ReloadAssembly
- Loaded All Assemblies, in  0.772 seconds
Native extension for WindowsStandalone target not found
Native extension for WeixinMiniGame target not found
Native extension for WebGL target not found
Mono: successfully reloaded assembly
- Finished resetting the current domain, in  1.604 seconds
Domain Reload Profiling: 2359ms
	BeginReloadAssembly (247ms)
		ExecutionOrderSort (0ms)
		DisableScriptedObjects (10ms)
		BackupInstance (0ms)
		ReleaseScriptingObjects (0ms)
		CreateAndSetChildDomain (31ms)
	RebuildCommonClasses (35ms)
	RebuildNativeTypeToScriptingClass (13ms)
	initialDomainReloadingComplete (58ms)
	LoadAllAssembliesAndSetupDomain (401ms)
		LoadAssemblies (537ms)
		RebuildTransferFunctionScriptingTraits (0ms)
		AnalyzeDomain (29ms)
			TypeCache.Refresh (12ms)
				TypeCache.ScanAssembly (0ms)
			ScanForSourceGeneratedMonoScriptInfo (10ms)
			ResolveRequiredComponents (5ms)
	FinalizeReload (1605ms)
		ReleaseScriptCaches (0ms)
		RebuildScriptCaches (0ms)
		SetupLoadedEditorAssemblies (410ms)
			LogAssemblyErrors (0ms)
			InitializePlatformSupportModulesInManaged (13ms)
			SetLoadedEditorAssemblies (3ms)
			RefreshPlugins (0ms)
			BeforeProcessingInitializeOnLoad (99ms)
			ProcessInitializeOnLoadAttributes (254ms)
			ProcessInitializeOnLoadMethodAttributes (18ms)
			AfterProcessingInitializeOnLoad (23ms)
			EditorAssembliesLoaded (0ms)
		ExecutionOrderSort2 (0ms)
		AwakeInstancesAfterBackupRestoration (16ms)
Refreshing native plugins compatible for Editor in 14.72 ms, found 5 plugins.
Preloading 0 native plugins for Editor in 0.00 ms.
Unloading 4376 Unused Serialized files (Serialized files now loaded: 0)
Unloading 22 unused Assets / (32.8 KB). Loaded Objects now: 4906.
Memory consumption went from 130.5 MB to 130.4 MB.
Total: 3.127400 ms (FindLiveObjects: 0.263200 ms CreateObjectMapping: 0.103600 ms MarkObjects: 2.696700 ms  DeleteObjects: 0.062600 ms)

AssetImportParameters requested are different than current active one (requested -> active):
  custom:container-demuxer-ogg: 62fdf1f143b41e24485cea50d1cbac27 -> 
  custom:video-codec-MediaFoundation-h265: 746d11721c4dcdbdad8f713fa42b33f4 -> 
  custom:video-decoder-ogg-theora: a1e56fd34408186e4bbccfd4996cb3dc -> 
  custom:framework-win-MediaFoundation: 216162199b28c13a410421893ffa2e32 -> 
  custom:CustomObjectIndexerAttribute: 299a746012abc5adb0180d4ccda8d3ad -> 
  custom:container-demuxer-webm: 4f35f7cbe854078d1ac9338744f61a02 -> 
  custom:scripting/monoscript/fileName/Soider_EnenyMovement.cs: 7c91d29ba4d232c81192a3897cf32a03 -> 
  custom:container-muxer-webm: aa71ff27fc2769a1b78a27578f13a17b -> 
  custom:video-decoder-webm-vp8: 9c59270c3fd7afecdb556c50c9e8de78 -> 
  custom:SearchIndexIgnoredProperties: e643bd26f0fe6173181afceb89e7c659 -> 
  custom:AudioImporter_EditorPlatform: d09bf68614088b80899f8185d706f6e7 -> 
  custom:video-encoder-webm-vp8: eb34c28f22e8b96e1ab97ce403110664 -> 
  custom:audio-decoder-ogg-vorbis: bf7c407c2cedff20999df2af8eb42d56 -> 
  custom:audio-encoder-webm-vorbis: bf7c407c2cedff20999df2af8eb42d56 -> 
  custom:scripting/precompiled-assembly-types:Assembly-CSharp: e274eaa3274320f8b0443740bb0e3870 -> 
========================================================================
Received Prepare
Caller must complete domain reload
Begin MonoManager ReloadAssembly
- Loaded All Assemblies, in  0.741 seconds
Native extension for WindowsStandalone target not found
Native extension for WeixinMiniGame target not found
Native extension for WebGL target not found
Mono: successfully reloaded assembly
- Finished resetting the current domain, in  1.617 seconds
Domain Reload Profiling: 2344ms
	BeginReloadAssembly (229ms)
		ExecutionOrderSort (0ms)
		DisableScriptedObjects (9ms)
		BackupInstance (0ms)
		ReleaseScriptingObjects (0ms)
		CreateAndSetChildDomain (30ms)
	RebuildCommonClasses (35ms)
	RebuildNativeTypeToScriptingClass (12ms)
	initialDomainReloadingComplete (52ms)
	LoadAllAssembliesAndSetupDomain (398ms)
		LoadAssemblies (524ms)
		RebuildTransferFunctionScriptingTraits (0ms)
		AnalyzeDomain (29ms)
			TypeCache.Refresh (13ms)
				TypeCache.ScanAssembly (0ms)
			ScanForSourceGeneratedMonoScriptInfo (9ms)
			ResolveRequiredComponents (4ms)
	FinalizeReload (1618ms)
		ReleaseScriptCaches (0ms)
		RebuildScriptCaches (0ms)
		SetupLoadedEditorAssemblies (433ms)
			LogAssemblyErrors (0ms)
			InitializePlatformSupportModulesInManaged (13ms)
			SetLoadedEditorAssemblies (3ms)
			RefreshPlugins (0ms)
			BeforeProcessingInitializeOnLoad (101ms)
			ProcessInitializeOnLoadAttributes (275ms)
			ProcessInitializeOnLoadMethodAttributes (19ms)
			AfterProcessingInitializeOnLoad (22ms)
			EditorAssembliesLoaded (0ms)
		ExecutionOrderSort2 (0ms)
		AwakeInstancesAfterBackupRestoration (16ms)
Refreshing native plugins compatible for Editor in 22.06 ms, found 5 plugins.
Preloading 0 native plugins for Editor in 0.00 ms.
Unloading 4376 Unused Serialized files (Serialized files now loaded: 0)
Unloading 22 unused Assets / (32.7 KB). Loaded Objects now: 4911.
Memory consumption went from 130.5 MB to 130.5 MB.
Total: 3.783200 ms (FindLiveObjects: 0.563800 ms CreateObjectMapping: 0.172400 ms MarkObjects: 2.986800 ms  DeleteObjects: 0.057900 ms)

AssetImportParameters requested are different than current active one (requested -> active):
  custom:container-demuxer-ogg: 62fdf1f143b41e24485cea50d1cbac27 -> 
  custom:video-codec-MediaFoundation-h265: 746d11721c4dcdbdad8f713fa42b33f4 -> 
  custom:video-decoder-ogg-theora: a1e56fd34408186e4bbccfd4996cb3dc -> 
  custom:framework-win-MediaFoundation: 216162199b28c13a410421893ffa2e32 -> 
  custom:CustomObjectIndexerAttribute: 299a746012abc5adb0180d4ccda8d3ad -> 
  custom:container-demuxer-webm: 4f35f7cbe854078d1ac9338744f61a02 -> 
  custom:scripting/monoscript/fileName/Soider_EnenyMovement.cs: 7c91d29ba4d232c81192a3897cf32a03 -> 
  custom:container-muxer-webm: aa71ff27fc2769a1b78a27578f13a17b -> 
  custom:video-decoder-webm-vp8: 9c59270c3fd7afecdb556c50c9e8de78 -> 
  custom:SearchIndexIgnoredProperties: e643bd26f0fe6173181afceb89e7c659 -> 
  custom:AudioImporter_EditorPlatform: d09bf68614088b80899f8185d706f6e7 -> 
  custom:video-encoder-webm-vp8: eb34c28f22e8b96e1ab97ce403110664 -> 
  custom:audio-decoder-ogg-vorbis: bf7c407c2cedff20999df2af8eb42d56 -> 
  custom:audio-encoder-webm-vorbis: bf7c407c2cedff20999df2af8eb42d56 -> 
  custom:scripting/precompiled-assembly-types:Assembly-CSharp: e274eaa3274320f8b0443740bb0e3870 -> 
========================================================================
Received Prepare
Caller must complete domain reload
Begin MonoManager ReloadAssembly
- Loaded All Assemblies, in  0.759 seconds
Native extension for WindowsStandalone target not found
Native extension for WeixinMiniGame target not found
Native extension for WebGL target not found
Mono: successfully reloaded assembly
- Finished resetting the current domain, in  2.125 seconds
Domain Reload Profiling: 2870ms
	BeginReloadAssembly (244ms)
		ExecutionOrderSort (0ms)
		DisableScriptedObjects (9ms)
		BackupInstance (0ms)
		ReleaseScriptingObjects (0ms)
		CreateAndSetChildDomain (30ms)
	RebuildCommonClasses (33ms)
	RebuildNativeTypeToScriptingClass (11ms)
	initialDomainReloadingComplete (51ms)
	LoadAllAssembliesAndSetupDomain (405ms)
		LoadAssemblies (549ms)
		RebuildTransferFunctionScriptingTraits (0ms)
		AnalyzeDomain (17ms)
			TypeCache.Refresh (9ms)
				TypeCache.ScanAssembly (0ms)
			ScanForSourceGeneratedMonoScriptInfo (0ms)
			ResolveRequiredComponents (6ms)
	FinalizeReload (2126ms)
		ReleaseScriptCaches (0ms)
		RebuildScriptCaches (0ms)
		SetupLoadedEditorAssemblies (532ms)
			LogAssemblyErrors (0ms)
			InitializePlatformSupportModulesInManaged (16ms)
			SetLoadedEditorAssemblies (4ms)
			RefreshPlugins (0ms)
			BeforeProcessingInitializeOnLoad (115ms)
			ProcessInitializeOnLoadAttributes (348ms)
			ProcessInitializeOnLoadMethodAttributes (25ms)
			AfterProcessingInitializeOnLoad (24ms)
			EditorAssembliesLoaded (0ms)
		ExecutionOrderSort2 (0ms)
		AwakeInstancesAfterBackupRestoration (19ms)
Refreshing native plugins compatible for Editor in 19.68 ms, found 5 plugins.
Preloading 0 native plugins for Editor in 0.00 ms.
Unloading 4376 Unused Serialized files (Serialized files now loaded: 0)
Unloading 22 unused Assets / (32.7 KB). Loaded Objects now: 4916.
Memory consumption went from 130.5 MB to 130.5 MB.
Total: 3.319600 ms (FindLiveObjects: 0.439800 ms CreateObjectMapping: 0.165500 ms MarkObjects: 2.649400 ms  DeleteObjects: 0.063400 ms)

AssetImportParameters requested are different than current active one (requested -> active):
  custom:container-demuxer-ogg: 62fdf1f143b41e24485cea50d1cbac27 -> 
  custom:video-codec-MediaFoundation-h265: 746d11721c4dcdbdad8f713fa42b33f4 -> 
  custom:video-decoder-ogg-theora: a1e56fd34408186e4bbccfd4996cb3dc -> 
  custom:framework-win-MediaFoundation: 216162199b28c13a410421893ffa2e32 -> 
  custom:CustomObjectIndexerAttribute: 299a746012abc5adb0180d4ccda8d3ad -> 
  custom:container-demuxer-webm: 4f35f7cbe854078d1ac9338744f61a02 -> 
  custom:scripting/monoscript/fileName/Soider_EnenyMovement.cs: 7c91d29ba4d232c81192a3897cf32a03 -> 
  custom:container-muxer-webm: aa71ff27fc2769a1b78a27578f13a17b -> 
  custom:video-decoder-webm-vp8: 9c59270c3fd7afecdb556c50c9e8de78 -> 
  custom:SearchIndexIgnoredProperties: e643bd26f0fe6173181afceb89e7c659 -> 
  custom:AudioImporter_EditorPlatform: d09bf68614088b80899f8185d706f6e7 -> 
  custom:video-encoder-webm-vp8: eb34c28f22e8b96e1ab97ce403110664 -> 
  custom:audio-decoder-ogg-vorbis: bf7c407c2cedff20999df2af8eb42d56 -> 
  custom:audio-encoder-webm-vorbis: bf7c407c2cedff20999df2af8eb42d56 -> 
  custom:scripting/precompiled-assembly-types:Assembly-CSharp: e274eaa3274320f8b0443740bb0e3870 -> 
========================================================================
Received Prepare
Caller must complete domain reload
Begin MonoManager ReloadAssembly
- Loaded All Assemblies, in  0.789 seconds
Native extension for WindowsStandalone target not found
Native extension for WeixinMiniGame target not found
Native extension for WebGL target not found
Mono: successfully reloaded assembly
- Finished resetting the current domain, in  2.085 seconds
Domain Reload Profiling: 2859ms
	BeginReloadAssembly (236ms)
		ExecutionOrderSort (0ms)
		DisableScriptedObjects (9ms)
		BackupInstance (0ms)
		ReleaseScriptingObjects (0ms)
		CreateAndSetChildDomain (28ms)
	RebuildCommonClasses (33ms)
	RebuildNativeTypeToScriptingClass (11ms)
	initialDomainReloadingComplete (62ms)
	LoadAllAssembliesAndSetupDomain (432ms)
		LoadAssemblies (576ms)
		RebuildTransferFunctionScriptingTraits (0ms)
		AnalyzeDomain (18ms)
			TypeCache.Refresh (10ms)
				TypeCache.ScanAssembly (0ms)
			ScanForSourceGeneratedMonoScriptInfo (0ms)
			ResolveRequiredComponents (5ms)
	FinalizeReload (2085ms)
		ReleaseScriptCaches (0ms)
		RebuildScriptCaches (0ms)
		SetupLoadedEditorAssemblies (530ms)
			LogAssemblyErrors (0ms)
			InitializePlatformSupportModulesInManaged (16ms)
			SetLoadedEditorAssemblies (3ms)
			RefreshPlugins (0ms)
			BeforeProcessingInitializeOnLoad (127ms)
			ProcessInitializeOnLoadAttributes (332ms)
			ProcessInitializeOnLoadMethodAttributes (27ms)
			AfterProcessingInitializeOnLoad (26ms)
			EditorAssembliesLoaded (0ms)
		ExecutionOrderSort2 (0ms)
		AwakeInstancesAfterBackupRestoration (18ms)
Refreshing native plugins compatible for Editor in 18.87 ms, found 5 plugins.
Preloading 0 native plugins for Editor in 0.00 ms.
Unloading 4376 Unused Serialized files (Serialized files now loaded: 0)
Unloading 22 unused Assets / (32.8 KB). Loaded Objects now: 4921.
Memory consumption went from 130.5 MB to 130.5 MB.
Total: 2.951200 ms (FindLiveObjects: 0.291800 ms CreateObjectMapping: 0.121800 ms MarkObjects: 2.477800 ms  DeleteObjects: 0.057500 ms)

AssetImportParameters requested are different than current active one (requested -> active):
  custom:container-demuxer-ogg: 62fdf1f143b41e24485cea50d1cbac27 -> 
  custom:video-codec-MediaFoundation-h265: 746d11721c4dcdbdad8f713fa42b33f4 -> 
  custom:video-decoder-ogg-theora: a1e56fd34408186e4bbccfd4996cb3dc -> 
  custom:framework-win-MediaFoundation: 216162199b28c13a410421893ffa2e32 -> 
  custom:CustomObjectIndexerAttribute: 299a746012abc5adb0180d4ccda8d3ad -> 
  custom:container-demuxer-webm: 4f35f7cbe854078d1ac9338744f61a02 -> 
  custom:scripting/monoscript/fileName/Soider_EnenyMovement.cs: 7c91d29ba4d232c81192a3897cf32a03 -> 
  custom:container-muxer-webm: aa71ff27fc2769a1b78a27578f13a17b -> 
  custom:video-decoder-webm-vp8: 9c59270c3fd7afecdb556c50c9e8de78 -> 
  custom:SearchIndexIgnoredProperties: e643bd26f0fe6173181afceb89e7c659 -> 
  custom:AudioImporter_EditorPlatform: d09bf68614088b80899f8185d706f6e7 -> 
  custom:video-encoder-webm-vp8: eb34c28f22e8b96e1ab97ce403110664 -> 
  custom:audio-decoder-ogg-vorbis: bf7c407c2cedff20999df2af8eb42d56 -> 
  custom:audio-encoder-webm-vorbis: bf7c407c2cedff20999df2af8eb42d56 -> 
  custom:scripting/precompiled-assembly-types:Assembly-CSharp: e274eaa3274320f8b0443740bb0e3870 -> 
========================================================================
Received Prepare
Caller must complete domain reload
Begin MonoManager ReloadAssembly
- Loaded All Assemblies, in  0.778 seconds
Native extension for WindowsStandalone target not found
Native extension for WeixinMiniGame target not found
Native extension for WebGL target not found
Mono: successfully reloaded assembly
- Finished resetting the current domain, in  2.143 seconds
Domain Reload Profiling: 2907ms
	BeginReloadAssembly (235ms)
		ExecutionOrderSort (0ms)
		DisableScriptedObjects (10ms)
		BackupInstance (0ms)
		ReleaseScriptingObjects (0ms)
		CreateAndSetChildDomain (30ms)
	RebuildCommonClasses (32ms)
	RebuildNativeTypeToScriptingClass (16ms)
	initialDomainReloadingComplete (54ms)
	LoadAllAssembliesAndSetupDomain (426ms)
		LoadAssemblies (561ms)
		RebuildTransferFunctionScriptingTraits (0ms)
		AnalyzeDomain (20ms)
			TypeCache.Refresh (11ms)
				TypeCache.ScanAssembly (0ms)
			ScanForSourceGeneratedMonoScriptInfo (0ms)
			ResolveRequiredComponents (6ms)
	FinalizeReload (2144ms)
		ReleaseScriptCaches (0ms)
		RebuildScriptCaches (0ms)
		SetupLoadedEditorAssemblies (528ms)
			LogAssemblyErrors (0ms)
			InitializePlatformSupportModulesInManaged (16ms)
			SetLoadedEditorAssemblies (4ms)
			RefreshPlugins (0ms)
			BeforeProcessingInitializeOnLoad (115ms)
			ProcessInitializeOnLoadAttributes (340ms)
			ProcessInitializeOnLoadMethodAttributes (27ms)
			AfterProcessingInitializeOnLoad (25ms)
			EditorAssembliesLoaded (0ms)
		ExecutionOrderSort2 (0ms)
		AwakeInstancesAfterBackupRestoration (16ms)
Refreshing native plugins compatible for Editor in 16.78 ms, found 5 plugins.
Preloading 0 native plugins for Editor in 0.00 ms.
Unloading 4376 Unused Serialized files (Serialized files now loaded: 0)
Unloading 22 unused Assets / (32.8 KB). Loaded Objects now: 4926.
Memory consumption went from 130.5 MB to 130.5 MB.
Total: 3.389700 ms (FindLiveObjects: 0.313100 ms CreateObjectMapping: 0.129500 ms MarkObjects: 2.874100 ms  DeleteObjects: 0.071700 ms)

AssetImportParameters requested are different than current active one (requested -> active):
  custom:container-demuxer-ogg: 62fdf1f143b41e24485cea50d1cbac27 -> 
  custom:video-codec-MediaFoundation-h265: 746d11721c4dcdbdad8f713fa42b33f4 -> 
  custom:video-decoder-ogg-theora: a1e56fd34408186e4bbccfd4996cb3dc -> 
  custom:framework-win-MediaFoundation: 216162199b28c13a410421893ffa2e32 -> 
  custom:CustomObjectIndexerAttribute: 299a746012abc5adb0180d4ccda8d3ad -> 
  custom:container-demuxer-webm: 4f35f7cbe854078d1ac9338744f61a02 -> 
  custom:scripting/monoscript/fileName/Soider_EnenyMovement.cs: 7c91d29ba4d232c81192a3897cf32a03 -> 
  custom:container-muxer-webm: aa71ff27fc2769a1b78a27578f13a17b -> 
  custom:video-decoder-webm-vp8: 9c59270c3fd7afecdb556c50c9e8de78 -> 
  custom:SearchIndexIgnoredProperties: e643bd26f0fe6173181afceb89e7c659 -> 
  custom:AudioImporter_EditorPlatform: d09bf68614088b80899f8185d706f6e7 -> 
  custom:video-encoder-webm-vp8: eb34c28f22e8b96e1ab97ce403110664 -> 
  custom:audio-decoder-ogg-vorbis: bf7c407c2cedff20999df2af8eb42d56 -> 
  custom:audio-encoder-webm-vorbis: bf7c407c2cedff20999df2af8eb42d56 -> 
  custom:scripting/precompiled-assembly-types:Assembly-CSharp: e274eaa3274320f8b0443740bb0e3870 -> 
========================================================================
Received Prepare
Caller must complete domain reload
Begin MonoManager ReloadAssembly
- Loaded All Assemblies, in  0.714 seconds
Native extension for WindowsStandalone target not found
Native extension for WeixinMiniGame target not found
Native extension for WebGL target not found
Mono: successfully reloaded assembly
- Finished resetting the current domain, in  1.611 seconds
Domain Reload Profiling: 2313ms
	BeginReloadAssembly (227ms)
		ExecutionOrderSort (0ms)
		DisableScriptedObjects (10ms)
		BackupInstance (0ms)
		ReleaseScriptingObjects (0ms)
		CreateAndSetChildDomain (28ms)
	RebuildCommonClasses (32ms)
	RebuildNativeTypeToScriptingClass (11ms)
	initialDomainReloadingComplete (44ms)
	LoadAllAssembliesAndSetupDomain (387ms)
		LoadAssemblies (517ms)
		RebuildTransferFunctionScriptingTraits (0ms)
		AnalyzeDomain (27ms)
			TypeCache.Refresh (11ms)
				TypeCache.ScanAssembly (0ms)
			ScanForSourceGeneratedMonoScriptInfo (9ms)
			ResolveRequiredComponents (5ms)
	FinalizeReload (1611ms)
		ReleaseScriptCaches (0ms)
		RebuildScriptCaches (0ms)
		SetupLoadedEditorAssemblies (410ms)
			LogAssemblyErrors (0ms)
			InitializePlatformSupportModulesInManaged (11ms)
			SetLoadedEditorAssemblies (3ms)
			RefreshPlugins (0ms)
			BeforeProcessingInitializeOnLoad (85ms)
			ProcessInitializeOnLoadAttributes (274ms)
			ProcessInitializeOnLoadMethodAttributes (19ms)
			AfterProcessingInitializeOnLoad (18ms)
			EditorAssembliesLoaded (0ms)
		ExecutionOrderSort2 (0ms)
		AwakeInstancesAfterBackupRestoration (14ms)
Refreshing native plugins compatible for Editor in 16.07 ms, found 5 plugins.
Preloading 0 native plugins for Editor in 0.00 ms.
Unloading 4376 Unused Serialized files (Serialized files now loaded: 0)
Unloading 22 unused Assets / (32.8 KB). Loaded Objects now: 4931.
Memory consumption went from 130.5 MB to 130.5 MB.
Total: 3.009700 ms (FindLiveObjects: 0.313500 ms CreateObjectMapping: 0.134400 ms MarkObjects: 2.504100 ms  DeleteObjects: 0.056000 ms)

AssetImportParameters requested are different than current active one (requested -> active):
  custom:container-demuxer-ogg: 62fdf1f143b41e24485cea50d1cbac27 -> 
  custom:video-codec-MediaFoundation-h265: 746d11721c4dcdbdad8f713fa42b33f4 -> 
  custom:video-decoder-ogg-theora: a1e56fd34408186e4bbccfd4996cb3dc -> 
  custom:framework-win-MediaFoundation: 216162199b28c13a410421893ffa2e32 -> 
  custom:CustomObjectIndexerAttribute: 299a746012abc5adb0180d4ccda8d3ad -> 
  custom:container-demuxer-webm: 4f35f7cbe854078d1ac9338744f61a02 -> 
  custom:scripting/monoscript/fileName/Soider_EnenyMovement.cs: 7c91d29ba4d232c81192a3897cf32a03 -> 
  custom:container-muxer-webm: aa71ff27fc2769a1b78a27578f13a17b -> 
  custom:video-decoder-webm-vp8: 9c59270c3fd7afecdb556c50c9e8de78 -> 
  custom:SearchIndexIgnoredProperties: e643bd26f0fe6173181afceb89e7c659 -> 
  custom:AudioImporter_EditorPlatform: d09bf68614088b80899f8185d706f6e7 -> 
  custom:video-encoder-webm-vp8: eb34c28f22e8b96e1ab97ce403110664 -> 
  custom:audio-decoder-ogg-vorbis: bf7c407c2cedff20999df2af8eb42d56 -> 
  custom:audio-encoder-webm-vorbis: bf7c407c2cedff20999df2af8eb42d56 -> 
  custom:scripting/precompiled-assembly-types:Assembly-CSharp: e274eaa3274320f8b0443740bb0e3870 -> 
